<?xml version="1.0" encoding="UTF-8"?>
<!-- Generated by org.testng.reporters.JUnitReportReporter -->
<testsuite hostname="MAHI" name="com.batch1.MavenFirstTest" tests="2" failures="0" timestamp="10 May 2016 16:50:31 GMT" time="16.728" errors="0">
  <testcase name="searchString" time="4.025" classname="com.batch1.MavenFirstTest"/>
  <testcase name="openUrl" time="12.703" classname="com.batch1.MavenFirstTest"/>
</testsuite> <!-- com.batch1.MavenFirstTest -->
