<?xml version="1.0" encoding="UTF-8"?>
<!-- Generated by org.testng.reporters.JUnitReportReporter -->
<testsuite hostname="MAHI" name="com.batch1.tests.dragAndDropEx" tests="1" failures="0" timestamp="22 May 2016 07:10:12 GMT" time="21.389" errors="0">
  <testcase name="dragdrop" time="21.389" classname="com.batch1.tests.dragAndDropEx"/>
</testsuite> <!-- com.batch1.tests.dragAndDropEx -->
