<?xml version="1.0" encoding="UTF-8"?>
<!-- Generated by org.testng.reporters.JUnitReportReporter -->
<testsuite hostname="MAHI" name="com.batch1.ReadExcelFile" tests="4" failures="0" timestamp="17 May 2016 18:27:53 GMT" time="13.154" errors="0">
  <testcase name="readDP" time="3.218" classname="com.batch1.ReadExcelFile"/>
  <testcase name="readDP" time="5.149" classname="com.batch1.ReadExcelFile"/>
  <testcase name="readDP" time="2.489" classname="com.batch1.ReadExcelFile"/>
  <testcase name="readDP" time="2.298" classname="com.batch1.ReadExcelFile"/>
</testsuite> <!-- com.batch1.ReadExcelFile -->
