<?xml version="1.0" encoding="UTF-8"?>
<!-- Generated by org.testng.reporters.JUnitReportReporter -->
<testsuite hostname="MAHI" name="com.batch1.tests.MultiSelect_SelectClass_KeyDown" tests="1" failures="0" timestamp="24 May 2016 17:35:57 GMT" time="10.523" errors="0">
  <testcase name="multiSelectBix" time="10.523" classname="com.batch1.tests.MultiSelect_SelectClass_KeyDown"/>
</testsuite> <!-- com.batch1.tests.MultiSelect_SelectClass_KeyDown -->
