<?xml version="1.0" encoding="UTF-8"?>
<!-- Generated by org.testng.reporters.JUnitReportReporter -->
<testsuite hostname="MAHI" name="com.batch1.tests.DatePicker" tests="1" failures="0" timestamp="22 May 2016 09:50:45 GMT" time="16.169" errors="0">
  <testcase name="datepickr" time="16.169" classname="com.batch1.tests.DatePicker"/>
</testsuite> <!-- com.batch1.tests.DatePicker -->
