<?xml version="1.0" encoding="UTF-8"?>
<!-- Generated by org.testng.reporters.JUnitReportReporter -->
<testsuite hostname="MAHI" name="MavenFirstTest" tests="1" failures="0" timestamp="7 May 2016 17:05:44 GMT" time="0.016" errors="0">
  <testcase name="f" time="0.016" classname="MavenFirstTest"/>
</testsuite> <!-- MavenFirstTest -->
