<?xml version="1.0" encoding="UTF-8"?>
<!-- Generated by org.testng.reporters.JUnitReportReporter -->
<testsuite hostname="MAHI" name="com.batch1.tests.MultiSelect" tests="1" failures="0" timestamp="22 May 2016 10:13:10 GMT" time="10.687" errors="0">
  <testcase name="multiSelectBix" time="10.687" classname="com.batch1.tests.MultiSelect"/>
</testsuite> <!-- com.batch1.tests.MultiSelect -->
