<?xml version="1.0" encoding="UTF-8"?>
<!-- Generated by org.testng.reporters.JUnitReportReporter -->
<testsuite hostname="MAHI" name="com.batch1.tests.ReadExcelFile" tests="4" failures="0" timestamp="1 Jul 2016 18:18:54 GMT" time="17.861" errors="0">
  <testcase name="readDP" time="2.757" classname="com.batch1.tests.ReadExcelFile"/>
  <testcase name="readDP" time="2.760" classname="com.batch1.tests.ReadExcelFile"/>
  <testcase name="readDP" time="9.477" classname="com.batch1.tests.ReadExcelFile"/>
  <testcase name="readDP" time="2.867" classname="com.batch1.tests.ReadExcelFile"/>
</testsuite> <!-- com.batch1.tests.ReadExcelFile -->
