<?xml version="1.0" encoding="UTF-8"?>
<!-- Generated by org.testng.reporters.JUnitReportReporter -->
<testsuite hostname="MAHI" name="com.batch1.tests.FileUpload" tests="1" failures="0" timestamp="26 May 2016 16:19:25 GMT" time="30.828" errors="0">
  <testcase name="upload" time="30.828" classname="com.batch1.tests.FileUpload"/>
</testsuite> <!-- com.batch1.tests.FileUpload -->
