<?xml version="1.0" encoding="UTF-8"?>
<!-- Generated by org.testng.reporters.JUnitReportReporter -->
<testsuite hostname="MAHI" name="com.batch1.MavenFirstTest" tests="2" failures="0" timestamp="10 May 2016 16:52:43 GMT" time="10.520" errors="0">
  <testcase name="openUrl" time="5.910" classname="com.batch1.MavenFirstTest"/>
  <testcase name="searchString" time="4.610" classname="com.batch1.MavenFirstTest"/>
</testsuite> <!-- com.batch1.MavenFirstTest -->
